  Player.cpp
D:\Personal Projects\Working Title - Kryptos\Krytpos\Engine\KryptosEngine\PlayerClass\Player.cpp(23,50): error C2039: 'W': is not a member of 'sf::Keyboard'
      D:\Personal Projects\C++\Libraries\SFML\SFML-3.0.0\include\SFML\Window\Keyboard.hpp(41,11):
      see declaration of 'sf::Keyboard'
  
D:\Personal Projects\Working Title - Kryptos\Krytpos\Engine\KryptosEngine\PlayerClass\Player.cpp(23,50): error C2065: 'W': undeclared identifier
D:\Personal Projects\Working Title - Kryptos\Krytpos\Engine\KryptosEngine\PlayerClass\Player.cpp(26,50): error C2039: 'S': is not a member of 'sf::Keyboard'
      D:\Personal Projects\C++\Libraries\SFML\SFML-3.0.0\include\SFML\Window\Keyboard.hpp(41,11):
      see declaration of 'sf::Keyboard'
  
D:\Personal Projects\Working Title - Kryptos\Krytpos\Engine\KryptosEngine\PlayerClass\Player.cpp(26,50): error C2065: 'S': undeclared identifier
D:\Personal Projects\Working Title - Kryptos\Krytpos\Engine\KryptosEngine\PlayerClass\Player.cpp(29,50): error C2039: 'A': is not a member of 'sf::Keyboard'
      D:\Personal Projects\C++\Libraries\SFML\SFML-3.0.0\include\SFML\Window\Keyboard.hpp(41,11):
      see declaration of 'sf::Keyboard'
  
D:\Personal Projects\Working Title - Kryptos\Krytpos\Engine\KryptosEngine\PlayerClass\Player.cpp(29,50): error C2065: 'A': undeclared identifier
D:\Personal Projects\Working Title - Kryptos\Krytpos\Engine\KryptosEngine\PlayerClass\Player.cpp(32,50): error C2039: 'D': is not a member of 'sf::Keyboard'
      D:\Personal Projects\C++\Libraries\SFML\SFML-3.0.0\include\SFML\Window\Keyboard.hpp(41,11):
      see declaration of 'sf::Keyboard'
  
D:\Personal Projects\Working Title - Kryptos\Krytpos\Engine\KryptosEngine\PlayerClass\Player.cpp(32,50): error C2065: 'D': undeclared identifier
D:\Personal Projects\Working Title - Kryptos\Krytpos\Engine\KryptosEngine\PlayerClass\Player.cpp(37,50): error C2039: 'Space': is not a member of 'sf::Keyboard'
      D:\Personal Projects\C++\Libraries\SFML\SFML-3.0.0\include\SFML\Window\Keyboard.hpp(41,11):
      see declaration of 'sf::Keyboard'
  
D:\Personal Projects\Working Title - Kryptos\Krytpos\Engine\KryptosEngine\PlayerClass\Player.cpp(37,50): error C2065: 'Space': undeclared identifier
  SpriteRenderer.cpp
  Generating Code...
